---------------------------------------------------------------------------------------------------------
2025-05-23 10:05:17.946649: Encryption 'test.txt'
Hash Before: 27cc6994fc1c01ce6659c6bddca9b69c4c6a9418065e612c69d110b3f7b11f8a
File Name: test.txt
Size: 8
Creation Time: 2025-05-23 10:05:04
Last Modified: 2025-05-23 10:05:11
Hash After: a010abfe6f64230392f839d241ea4e75b73dac24e46cf1467e1ee186d3066862
---------------------------------------------------------------------------------------------------------
---------------------------------------------------------------------------------------------------------
2025-05-23 10:18:08.252844: Encryption 'test.txt'
Hash Before: 2cf24dba5fb0a30e26e83b2ac5b9e29e1b161e5c1fa7425e73043362938b9824
File Name: test.txt
Size: 5
Creation Time: 2025-05-23 10:13:21
Last Modified: 2025-05-23 10:18:04
Hash After: d91a63c1ad9cd172843dd21ef00233aacf44e5f3b8fb11ab1ec769bbce0e4f9a
---------------------------------------------------------------------------------------------------------
---------------------------------------------------------------------------------------------------------
2025-05-23 10:18:20.986000: Decryption 'test.txt.enc'
Hash Before: 2cf24dba5fb0a30e26e83b2ac5b9e29e1b161e5c1fa7425e73043362938b9824
File Name: test.txt
Size: 5
Creation Time: 2025-05-23 10:13:21
Last Modified: 2025-05-23 10:18:20
Hash After: 2cf24dba5fb0a30e26e83b2ac5b9e29e1b161e5c1fa7425e73043362938b9824
---------------------------------------------------------------------------------------------------------
---------------------------------------------------------------------------------------------------------
2025-05-23 10:20:03.143449: Encryption 'test.txt'
Hash Before: 27cc6994fc1c01ce6659c6bddca9b69c4c6a9418065e612c69d110b3f7b11f8a
File Name: test.txt
Size: 8
Creation Time: 2025-05-23 10:13:21
Last Modified: 2025-05-23 10:19:58
Hash After: 2d00f8f710f51c3cf9ea3842e8799fb5a8064f43499243404e3d9e681ea083b9
---------------------------------------------------------------------------------------------------------
---------------------------------------------------------------------------------------------------------
2025-05-23 10:20:14.250598: Decryption 'test.txt.enc'
Hash Before: 27cc6994fc1c01ce6659c6bddca9b69c4c6a9418065e612c69d110b3f7b11f8a
File Name: test.txt
Size: 8
Creation Time: 2025-05-23 10:13:21
Last Modified: 2025-05-23 10:20:14
Hash After: 27cc6994fc1c01ce6659c6bddca9b69c4c6a9418065e612c69d110b3f7b11f8a
---------------------------------------------------------------------------------------------------------
